# JRE version: OpenJDK Runtime Environment (11.0.10) (build 11.0.10+0-b96-7249189)
# Java VM: OpenJDK 64-Bit Server VM (11.0.10+0-b96-7249189, mixed mode, tiered, compressed oops, g1 gc, windows-amd64)
Heap:
 garbage-first heap   total 260096K, used 163641K [0x00000000a0000000, 0x0000000100000000)
  region size 1024K, 66 young (67584K), 10 survivors (10240K)
 Metaspace       used 93315K, capacity 96446K, committed 96496K, reserved 1132544K
  class space    used 12177K, capacity 13221K, committed 13260K, reserved 1048576K
GC Heap History (20 events):
Event: 8.133 GC heap before
{Heap before GC invocations=4 (full 0):
 garbage-first heap   total 260096K, used 70574K [0x00000000a0000000, 0x0000000100000000)
  region size 1024K, 53 young (54272K), 1 survivors (1024K)
 Metaspace       used 27181K, capacity 27810K, committed 28080K, reserved 1073152K
  class space    used 3545K, capacity 3772K, committed 3840K, reserved 1048576K
}
Event: 8.139 GC heap after
{Heap after GC invocations=5 (full 0):
 garbage-first heap   total 260096K, used 18905K [0x00000000a0000000, 0x0000000100000000)
  region size 1024K, 3 young (3072K), 3 survivors (3072K)
 Metaspace       used 27181K, capacity 27810K, committed 28080K, reserved 1073152K
  class space    used 3545K, capacity 3772K, committed 3840K, reserved 1048576K
}
Event: 9.734 GC heap before
{Heap before GC invocations=5 (full 0):
 garbage-first heap   total 260096K, used 67033K [0x00000000a0000000, 0x0000000100000000)
  region size 1024K, 51 young (52224K), 3 survivors (3072K)
 Metaspace       used 34826K, capacity 35594K, committed 35708K, reserved 1081344K
  class space    used 4499K, capacity 4815K, committed 4864K, reserved 1048576K
}
Event: 9.750 GC heap after
{Heap after GC invocations=6 (full 0):
 garbage-first heap   total 260096K, used 21923K [0x00000000a0000000, 0x0000000100000000)
  region size 1024K, 6 young (6144K), 6 survivors (6144K)
 Metaspace       used 34826K, capacity 35594K, committed 35708K, reserved 1081344K
  class space    used 4499K, capacity 4815K, committed 4864K, reserved 1048576K
}
Event: 12.893 GC heap before
{Heap before GC invocations=7 (full 0):
 garbage-first heap   total 260096K, used 116131K [0x00000000a0000000, 0x0000000100000000)
  region size 1024K, 96 young (98304K), 6 survivors (6144K)
 Metaspace       used 42646K, capacity 43606K, committed 43644K, reserved 1087488K
  class space    used 5494K, capacity 5856K, committed 5888K, reserved 1048576K
}
Event: 12.907 GC heap after
{Heap after GC invocations=8 (full 0):
 garbage-first heap   total 260096K, used 28223K [0x00000000a0000000, 0x0000000100000000)
  region size 1024K, 12 young (12288K), 12 survivors (12288K)
 Metaspace       used 42646K, capacity 43606K, committed 43644K, reserved 1087488K
  class space    used 5494K, capacity 5856K, committed 5888K, reserved 1048576K
}
Event: 18.253 GC heap before
{Heap before GC invocations=8 (full 0):
 garbage-first heap   total 260096K, used 158271K [0x00000000a0000000, 0x0000000100000000)
  region size 1024K, 130 young (133120K), 12 survivors (12288K)
 Metaspace       used 49100K, capacity 50453K, committed 50684K, reserved 1093632K
  class space    used 6222K, capacity 6701K, committed 6784K, reserved 1048576K
}
Event: 18.278 GC heap after
{Heap after GC invocations=9 (full 0):
 garbage-first heap   total 260096K, used 48865K [0x00000000a0000000, 0x0000000100000000)
  region size 1024K, 17 young (17408K), 17 survivors (17408K)
 Metaspace       used 49100K, capacity 50453K, committed 50684K, reserved 1093632K
  class space    used 6222K, capacity 6701K, committed 6784K, reserved 1048576K
}
Event: 21.567 GC heap before
{Heap before GC invocations=9 (full 0):
 garbage-first heap   total 260096K, used 125665K [0x00000000a0000000, 0x0000000100000000)
  region size 1024K, 93 young (95232K), 17 survivors (17408K)
 Metaspace       used 58423K, capacity 59849K, committed 59940K, reserved 1101824K
  class space    used 7362K, capacity 7910K, committed 7936K, reserved 1048576K
}
Event: 21.597 GC heap after
{Heap after GC invocations=10 (full 0):
 garbage-first heap   total 260096K, used 52604K [0x00000000a0000000, 0x0000000100000000)
  region size 1024K, 4 young (4096K), 4 survivors (4096K)
 Metaspace       used 58423K, capacity 59849K, committed 59940K, reserved 1101824K
  class space    used 7362K, capacity 7910K, committed 7936K, reserved 1048576K
}
Event: 24.805 GC heap before
{Heap before GC invocations=11 (full 0):
 garbage-first heap   total 260096K, used 163196K [0x00000000a0000000, 0x0000000100000000)
  region size 1024K, 111 young (113664K), 4 survivors (4096K)
 Metaspace       used 67170K, capacity 68785K, committed 68848K, reserved 1110016K
  class space    used 8514K, capacity 9107K, committed 9164K, reserved 1048576K
}
Event: 24.818 GC heap after
{Heap after GC invocations=12 (full 0):
 garbage-first heap   total 260096K, used 58764K [0x00000000a0000000, 0x0000000100000000)
  region size 1024K, 10 young (10240K), 10 survivors (10240K)
 Metaspace       used 67170K, capacity 68785K, committed 68848K, reserved 1110016K
  class space    used 8514K, capacity 9107K, committed 9164K, reserved 1048576K
}
Event: 32.602 GC heap before
{Heap before GC invocations=12 (full 0):
 garbage-first heap   total 260096K, used 172428K [0x00000000a0000000, 0x0000000100000000)
  region size 1024K, 119 young (121856K), 10 survivors (10240K)
 Metaspace       used 69522K, capacity 71565K, committed 71792K, reserved 1112064K
  class space    used 8808K, capacity 9470K, committed 9548K, reserved 1048576K
}
Event: 32.622 GC heap after
{Heap after GC invocations=13 (full 0):
 garbage-first heap   total 260096K, used 71389K [0x00000000a0000000, 0x0000000100000000)
  region size 1024K, 15 young (15360K), 15 survivors (15360K)
 Metaspace       used 69522K, capacity 71565K, committed 71792K, reserved 1112064K
  class space    used 8808K, capacity 9470K, committed 9548K, reserved 1048576K
}
Event: 35.985 GC heap before
{Heap before GC invocations=13 (full 0):
 garbage-first heap   total 260096K, used 180957K [0x00000000a0000000, 0x0000000100000000)
  region size 1024K, 122 young (124928K), 15 survivors (15360K)
 Metaspace       used 77178K, capacity 79284K, committed 79472K, reserved 1118208K
  class space    used 10011K, capacity 10776K, committed 10828K, reserved 1048576K
}
Event: 36.012 GC heap after
{Heap after GC invocations=14 (full 0):
 garbage-first heap   total 260096K, used 80201K [0x00000000a0000000, 0x0000000100000000)
  region size 1024K, 9 young (9216K), 9 survivors (9216K)
 Metaspace       used 77178K, capacity 79284K, committed 79472K, reserved 1118208K
  class space    used 10011K, capacity 10776K, committed 10828K, reserved 1048576K
}
Event: 43.891 GC heap before
{Heap before GC invocations=14 (full 0):
 garbage-first heap   total 260096K, used 189769K [0x00000000a0000000, 0x0000000100000000)
  region size 1024K, 115 young (117760K), 9 survivors (9216K)
 Metaspace       used 82246K, capacity 84905K, committed 84976K, reserved 1122304K
  class space    used 10732K, capacity 11655K, committed 11724K, reserved 1048576K
}
Event: 43.920 GC heap after
{Heap after GC invocations=15 (full 0):
 garbage-first heap   total 260096K, used 97792K [0x00000000a0000000, 0x0000000100000000)
  region size 1024K, 15 young (15360K), 15 survivors (15360K)
 Metaspace       used 82246K, capacity 84905K, committed 84976K, reserved 1122304K
  class space    used 10732K, capacity 11655K, committed 11724K, reserved 1048576K
}
Event: 46.814 GC heap before
{Heap before GC invocations=15 (full 0):
 garbage-first heap   total 260096K, used 195072K [0x00000000a0000000, 0x0000000100000000)
  region size 1024K, 110 young (112640K), 15 survivors (15360K)
 Metaspace       used 89267K, capacity 92159K, committed 92272K, reserved 1128448K
  class space    used 11645K, capacity 12581K, committed 12620K, reserved 1048576K
}
Event: 46.846 GC heap after
{Heap after GC invocations=16 (full 0):
 garbage-first heap   total 260096K, used 108345K [0x00000000a0000000, 0x0000000100000000)
  region size 1024K, 10 young (10240K), 10 survivors (10240K)
 Metaspace       used 89267K, capacity 92159K, committed 92272K, reserved 1128448K
  class space    used 11645K, capacity 12581K, committed 12620K, reserved 1048576K
}

